21:52:59 **** Build of configuration Debug for project traffic_light_control ****
make all 
Building file: ../timer1_module/timer1.c
Invoking: AVR Compiler
avr-gcc -Wall -g2 -gstabs -O0 -fpack-struct -fshort-enums -ffunction-sections -fdata-sections -std=gnu99 -funsigned-char -funsigned-bitfields -mmcu=atmega32 -DF_CPU=16000000UL -MMD -MP -MF"timer1_module/timer1.d" -MT"timer1_module/timer1.o" -c -o "timer1_module/timer1.o" "../timer1_module/timer1.c"
In file included from ../timer1_module/timer1.c:12:
../timer1_module/../timer1_module/timer1.h:15:27: error: common_macros.h: No such file or directory
../timer1_module/../timer1_module/timer1.h:16:23: error: std_types.h: No such file or directory
In file included from ../timer1_module/timer1.c:12:
../timer1_module/../timer1_module/timer1.h:31: error: expected specifier-qualifier-list before 'uint16'
../timer1_module/timer1.c:17: error: 'NULL_PTR' undeclared here (not in a function)
../timer1_module/timer1.c: In function 'Timer1_init':
../timer1_module/timer1.c:25: warning: implicit declaration of function 'SET_BIT'
../timer1_module/timer1.c:29: error: 'Timer1_ConfigType' has no member named 'mode'
../timer1_module/timer1.c:35: error: 'Timer1_ConfigType' has no member named 'initial_value'
../timer1_module/timer1.c:40: error: 'Timer1_ConfigType' has no member named 'mode'
../timer1_module/timer1.c:44: error: 'Timer1_ConfigType' has no member named 'mode'
../timer1_module/timer1.c:45: error: 'Timer1_ConfigType' has no member named 'compare_value'
../timer1_module/timer1.c:50: error: 'Timer1_ConfigType' has no member named 'prescaler'
make: *** [timer1_module/timer1.o] Error 1
"make all" terminated with exit code 2. Build might be incomplete.
22:00:28 **** Incremental Build of configuration Debug for project traffic_light_control ****
make all 
Building file: ../timer1_module/timer1.c
Invoking: AVR Compiler
avr-gcc -Wall -g2 -gstabs -O0 -fpack-struct -fshort-enums -ffunction-sections -fdata-sections -std=gnu99 -funsigned-char -funsigned-bitfields -mmcu=atmega32 -DF_CPU=16000000UL -MMD -MP -MF"timer1_module/timer1.d" -MT"timer1_module/timer1.o" -c -o "timer1_module/timer1.o" "../timer1_module/timer1.c"
In file included from ../timer1_module/timer1.c:12:
../timer1_module/../timer1_module/timer1.h:15:27: error: common_macros.h: No such file or directory
../timer1_module/../timer1_module/timer1.h:16:23: error: std_types.h: No such file or directory
In file included from ../timer1_module/timer1.c:12:
../timer1_module/../timer1_module/timer1.h:31: error: expected specifier-qualifier-list before 'uint16'
../timer1_module/timer1.c:17: error: 'NULL_PTR' undeclared here (not in a function)
../timer1_module/timer1.c: In function 'Timer1_init':
../timer1_module/timer1.c:25: warning: implicit declaration of function 'SET_BIT'
../timer1_module/timer1.c:29: error: 'Timer1_ConfigType' has no member named 'mode'
../timer1_module/timer1.c:35: error: 'Timer1_ConfigType' has no member named 'initial_value'
../timer1_module/timer1.c:40: error: 'Timer1_ConfigType' has no member named 'mode'
../timer1_module/timer1.c:44: error: 'Timer1_ConfigType' has no member named 'mode'
../timer1_module/timer1.c:45: error: 'Timer1_ConfigType' has no member named 'compare_value'
../timer1_module/timer1.c:50: error: 'Timer1_ConfigType' has no member named 'prescaler'
make: *** [timer1_module/timer1.o] Error 1
"make all" terminated with exit code 2. Build might be incomplete.
22:17:28 **** Incremental Build of configuration Debug for project traffic_light_control ****
make all 
Building file: ../timer1_module/timer1.c
Invoking: AVR Compiler
avr-gcc -Wall -g2 -gstabs -O0 -fpack-struct -fshort-enums -ffunction-sections -fdata-sections -std=gnu99 -funsigned-char -funsigned-bitfields -mmcu=atmega32 -DF_CPU=16000000UL -MMD -MP -MF"timer1_module/timer1.d" -MT"timer1_module/timer1.o" -c -o "timer1_module/timer1.o" "../timer1_module/timer1.c"
In file included from ../timer1_module/timer1.c:12:
../timer1_module/../timer1_module/timer1.h:15:27: error: common_macros.h: No such file or directory
../timer1_module/../timer1_module/timer1.h:16:23: error: std_types.h: No such file or directory
In file included from ../timer1_module/timer1.c:12:
../timer1_module/../timer1_module/timer1.h:31: error: expected specifier-qualifier-list before 'uint16'
../timer1_module/timer1.c:17: error: 'NULL_PTR' undeclared here (not in a function)
../timer1_module/timer1.c: In function 'Timer1_init':
../timer1_module/timer1.c:25: warning: implicit declaration of function 'SET_BIT'
../timer1_module/timer1.c:29: error: 'Timer1_ConfigType' has no member named 'mode'
../timer1_module/timer1.c:35: error: 'Timer1_ConfigType' has no member named 'initial_value'
../timer1_module/timer1.c:40: error: 'Timer1_ConfigType' has no member named 'mode'
../timer1_module/timer1.c:44: error: 'Timer1_ConfigType' has no member named 'mode'
../timer1_module/timer1.c:45: error: 'Timer1_ConfigType' has no member named 'compare_value'
../timer1_module/timer1.c:50: error: 'Timer1_ConfigType' has no member named 'prescaler'
make: *** [timer1_module/timer1.o] Error 1
"make all" terminated with exit code 2. Build might be incomplete.
22:22:05 **** Incremental Build of configuration Debug for project traffic_light_control ****
make all 
Building file: ../timer1_module/timer1.c
Invoking: AVR Compiler
avr-gcc -Wall -g2 -gstabs -O0 -fpack-struct -fshort-enums -ffunction-sections -fdata-sections -std=gnu99 -funsigned-char -funsigned-bitfields -mmcu=atmega32 -DF_CPU=16000000UL -MMD -MP -MF"timer1_module/timer1.d" -MT"timer1_module/timer1.o" -c -o "timer1_module/timer1.o" "../timer1_module/timer1.c"
Finished building: ../timer1_module/timer1.c
 
Building file: ../push_button_module/pushButton.c
Invoking: AVR Compiler
avr-gcc -Wall -g2 -gstabs -O0 -fpack-struct -fshort-enums -ffunction-sections -fdata-sections -std=gnu99 -funsigned-char -funsigned-bitfields -mmcu=atmega32 -DF_CPU=16000000UL -MMD -MP -MF"push_button_module/pushButton.d" -MT"push_button_module/pushButton.o" -c -o "push_button_module/pushButton.o" "../push_button_module/pushButton.c"
Finished building: ../push_button_module/pushButton.c
 
Building file: ../gpio_module/gpio.c
Invoking: AVR Compiler
avr-gcc -Wall -g2 -gstabs -O0 -fpack-struct -fshort-enums -ffunction-sections -fdata-sections -std=gnu99 -funsigned-char -funsigned-bitfields -mmcu=atmega32 -DF_CPU=16000000UL -MMD -MP -MF"gpio_module/gpio.d" -MT"gpio_module/gpio.o" -c -o "gpio_module/gpio.o" "../gpio_module/gpio.c"
../gpio_module/gpio.c:15:27: error: common_macros.h: No such file or directory
../gpio_module/gpio.c: In function 'GPIO_setupPinDirection':
../gpio_module/gpio.c:41: warning: implicit declaration of function 'SET_BIT'
../gpio_module/gpio.c:45: warning: implicit declaration of function 'CLEAR_BIT'
../gpio_module/gpio.c: In function 'GPIO_readPin':
../gpio_module/gpio.c:171: warning: implicit declaration of function 'BIT_IS_SET'
make: *** [gpio_module/gpio.o] Error 1
"make all" terminated with exit code 2. Build might be incomplete.
22:24:55 **** Incremental Build of configuration Debug for project traffic_light_control ****
make all 
Building file: ../push_button_module/pushButton.c
Invoking: AVR Compiler
avr-gcc -Wall -g2 -gstabs -O0 -fpack-struct -fshort-enums -ffunction-sections -fdata-sections -std=gnu99 -funsigned-char -funsigned-bitfields -mmcu=atmega32 -DF_CPU=16000000UL -MMD -MP -MF"push_button_module/pushButton.d" -MT"push_button_module/pushButton.o" -c -o "push_button_module/pushButton.o" "../push_button_module/pushButton.c"
../push_button_module/pushButton.c:25: error: expected ')' before 'event'
make: *** [push_button_module/pushButton.o] Error 1
"make all" terminated with exit code 2. Build might be incomplete.
22:25:12 **** Incremental Build of configuration Debug for project traffic_light_control ****
make all 
Building file: ../push_button_module/pushButton.c
Invoking: AVR Compiler
avr-gcc -Wall -g2 -gstabs -O0 -fpack-struct -fshort-enums -ffunction-sections -fdata-sections -std=gnu99 -funsigned-char -funsigned-bitfields -mmcu=atmega32 -DF_CPU=16000000UL -MMD -MP -MF"push_button_module/pushButton.d" -MT"push_button_module/pushButton.o" -c -o "push_button_module/pushButton.o" "../push_button_module/pushButton.c"
../push_button_module/pushButton.c: In function 'PUSHBUTTON_init':
../push_button_module/pushButton.c:34: error: expected expression before ')' token
make: *** [push_button_module/pushButton.o] Error 1
"make all" terminated with exit code 2. Build might be incomplete.
22:25:57 **** Incremental Build of configuration Debug for project traffic_light_control ****
make all 
Building file: ../push_button_module/pushButton.c
Invoking: AVR Compiler
avr-gcc -Wall -g2 -gstabs -O0 -fpack-struct -fshort-enums -ffunction-sections -fdata-sections -std=gnu99 -funsigned-char -funsigned-bitfields -mmcu=atmega32 -DF_CPU=16000000UL -MMD -MP -MF"push_button_module/pushButton.d" -MT"push_button_module/pushButton.o" -c -o "push_button_module/pushButton.o" "../push_button_module/pushButton.c"
Finished building: ../push_button_module/pushButton.c
 
Building file: ../gpio_module/gpio.c
Invoking: AVR Compiler
avr-gcc -Wall -g2 -gstabs -O0 -fpack-struct -fshort-enums -ffunction-sections -fdata-sections -std=gnu99 -funsigned-char -funsigned-bitfields -mmcu=atmega32 -DF_CPU=16000000UL -MMD -MP -MF"gpio_module/gpio.d" -MT"gpio_module/gpio.o" -c -o "gpio_module/gpio.o" "../gpio_module/gpio.c"
../gpio_module/gpio.c:15:27: error: common_macros.h: No such file or directory
../gpio_module/gpio.c: In function 'GPIO_setupPinDirection':
../gpio_module/gpio.c:41: warning: implicit declaration of function 'SET_BIT'
../gpio_module/gpio.c:45: warning: implicit declaration of function 'CLEAR_BIT'
../gpio_module/gpio.c: In function 'GPIO_readPin':
../gpio_module/gpio.c:171: warning: implicit declaration of function 'BIT_IS_SET'
make: *** [gpio_module/gpio.o] Error 1
"make all" terminated with exit code 2. Build might be incomplete.
22:26:22 **** Incremental Build of configuration Debug for project traffic_light_control ****
make all 
Building file: ../push_button_module/pushButton.c
Invoking: AVR Compiler
avr-gcc -Wall -g2 -gstabs -O0 -fpack-struct -fshort-enums -ffunction-sections -fdata-sections -std=gnu99 -funsigned-char -funsigned-bitfields -mmcu=atmega32 -DF_CPU=16000000UL -MMD -MP -MF"push_button_module/pushButton.d" -MT"push_button_module/pushButton.o" -c -o "push_button_module/pushButton.o" "../push_button_module/pushButton.c"
Finished building: ../push_button_module/pushButton.c
 
Building file: ../gpio_module/gpio.c
Invoking: AVR Compiler
avr-gcc -Wall -g2 -gstabs -O0 -fpack-struct -fshort-enums -ffunction-sections -fdata-sections -std=gnu99 -funsigned-char -funsigned-bitfields -mmcu=atmega32 -DF_CPU=16000000UL -MMD -MP -MF"gpio_module/gpio.d" -MT"gpio_module/gpio.o" -c -o "gpio_module/gpio.o" "../gpio_module/gpio.c"
../gpio_module/gpio.c:15:27: error: common_macros.h: No such file or directory
../gpio_module/gpio.c: In function 'GPIO_setupPinDirection':
../gpio_module/gpio.c:41: warning: implicit declaration of function 'SET_BIT'
../gpio_module/gpio.c:45: warning: implicit declaration of function 'CLEAR_BIT'
../gpio_module/gpio.c: In function 'GPIO_readPin':
../gpio_module/gpio.c:171: warning: implicit declaration of function 'BIT_IS_SET'
make: *** [gpio_module/gpio.o] Error 1
"make all" terminated with exit code 2. Build might be incomplete.
16:53:37 **** Incremental Build of configuration Debug for project traffic_light_control ****
make all 
Building file: ../push_button_module/pushButton.c
Invoking: AVR Compiler
avr-gcc -Wall -g2 -gstabs -O0 -fpack-struct -fshort-enums -ffunction-sections -fdata-sections -std=gnu99 -funsigned-char -funsigned-bitfields -mmcu=atmega32 -DF_CPU=16000000UL -MMD -MP -MF"push_button_module/pushButton.d" -MT"push_button_module/pushButton.o" -c -o "push_button_module/pushButton.o" "../push_button_module/pushButton.c"
Finished building: ../push_button_module/pushButton.c
 
Building file: ../gpio_module/gpio.c
Invoking: AVR Compiler
avr-gcc -Wall -g2 -gstabs -O0 -fpack-struct -fshort-enums -ffunction-sections -fdata-sections -std=gnu99 -funsigned-char -funsigned-bitfields -mmcu=atmega32 -DF_CPU=16000000UL -MMD -MP -MF"gpio_module/gpio.d" -MT"gpio_module/gpio.o" -c -o "gpio_module/gpio.o" "../gpio_module/gpio.c"
../gpio_module/gpio.c:15:27: error: common_macros.h: No such file or directory
../gpio_module/gpio.c: In function 'GPIO_setupPinDirection':
../gpio_module/gpio.c:41: warning: implicit declaration of function 'SET_BIT'
../gpio_module/gpio.c:45: warning: implicit declaration of function 'CLEAR_BIT'
../gpio_module/gpio.c: In function 'GPIO_readPin':
../gpio_module/gpio.c:171: warning: implicit declaration of function 'BIT_IS_SET'
make: *** [gpio_module/gpio.o] Error 1
"make all" terminated with exit code 2. Build might be incomplete.
16:53:43 **** Incremental Build of configuration Debug for project traffic_light_control ****
make all 
Building file: ../gpio_module/gpio.c
Invoking: AVR Compiler
avr-gcc -Wall -g2 -gstabs -O0 -fpack-struct -fshort-enums -ffunction-sections -fdata-sections -std=gnu99 -funsigned-char -funsigned-bitfields -mmcu=atmega32 -DF_CPU=16000000UL -MMD -MP -MF"gpio_module/gpio.d" -MT"gpio_module/gpio.o" -c -o "gpio_module/gpio.o" "../gpio_module/gpio.c"
../gpio_module/gpio.c:15:27: error: common_macros.h: No such file or directory
../gpio_module/gpio.c: In function 'GPIO_setupPinDirection':
../gpio_module/gpio.c:41: warning: implicit declaration of function 'SET_BIT'
../gpio_module/gpio.c:45: warning: implicit declaration of function 'CLEAR_BIT'
../gpio_module/gpio.c: In function 'GPIO_readPin':
../gpio_module/gpio.c:171: warning: implicit declaration of function 'BIT_IS_SET'
make: *** [gpio_module/gpio.o] Error 1
"make all" terminated with exit code 2. Build might be incomplete.
16:54:05 **** Incremental Build of configuration Debug for project traffic_light_control ****
make all 
Building file: ../gpio_module/gpio.c
Invoking: AVR Compiler
avr-gcc -Wall -g2 -gstabs -O0 -fpack-struct -fshort-enums -ffunction-sections -fdata-sections -std=gnu99 -funsigned-char -funsigned-bitfields -mmcu=atmega32 -DF_CPU=16000000UL -MMD -MP -MF"gpio_module/gpio.d" -MT"gpio_module/gpio.o" -c -o "gpio_module/gpio.o" "../gpio_module/gpio.c"
Finished building: ../gpio_module/gpio.c
 
Building target: traffic_light_control.elf
Invoking: AVR C Linker
avr-gcc -Wl,-Map,traffic_light_control.map -mmcu=atmega32 -o "traffic_light_control.elf"  ./timer1_module/timer1.o  ./push_button_module/pushButton.o  ./gpio_module/gpio.o   
c:/winavr/bin/../lib/gcc/avr/4.3.3/../../../../avr/lib/avr5/crtm32.o:(.init9+0x0): undefined reference to `main'
make: *** [traffic_light_control.elf] Error 1
"make all" terminated with exit code 2. Build might be incomplete.
16:54:16 **** Incremental Build of configuration Debug for project traffic_light_control ****
make all 
Building target: traffic_light_control.elf
Invoking: AVR C Linker
avr-gcc -Wl,-Map,traffic_light_control.map -mmcu=atmega32 -o "traffic_light_control.elf"  ./timer1_module/timer1.o  ./push_button_module/pushButton.o  ./gpio_module/gpio.o   
c:/winavr/bin/../lib/gcc/avr/4.3.3/../../../../avr/lib/avr5/crtm32.o:(.init9+0x0): undefined reference to `main'
make: *** [traffic_light_control.elf] Error 1
"make all" terminated with exit code 2. Build might be incomplete.
16:54:43 **** Incremental Build of configuration Debug for project traffic_light_control ****
make all 
Building file: ../main.c
Invoking: AVR Compiler
avr-gcc -Wall -g2 -gstabs -O0 -fpack-struct -fshort-enums -ffunction-sections -fdata-sections -std=gnu99 -funsigned-char -funsigned-bitfields -mmcu=atmega32 -DF_CPU=16000000UL -MMD -MP -MF"main.d" -MT"main.o" -c -o "main.o" "../main.c"
Finished building: ../main.c
 
Building target: traffic_light_control.elf
Invoking: AVR C Linker
avr-gcc -Wl,-Map,traffic_light_control.map -mmcu=atmega32 -o "traffic_light_control.elf"  ./timer1_module/timer1.o  ./push_button_module/pushButton.o  ./gpio_module/gpio.o  ./main.o   
Finished building target: traffic_light_control.elf
 
Invoking: AVR Create Extended Listing
avr-objdump -h -S traffic_light_control.elf  >"traffic_light_control.lss"
Finished building: traffic_light_control.lss
 
Invoking: Print Size
avr-size --format=avr --mcu=atmega32 traffic_light_control.elf
AVR Memory Usage
----------------
Device: atmega32

Program:    2492 bytes (7.6% Full)
(.text + .data + .bootloader)

Data:          4 bytes (0.2% Full)
(.data + .bss + .noinit)


Finished building: sizedummy
 
17:54:26 **** Incremental Build of configuration Debug for project traffic_light_control ****
make all 
Building file: ../push_button_module/pushButton.c
Invoking: AVR Compiler
avr-gcc -Wall -g2 -gstabs -O0 -fpack-struct -fshort-enums -ffunction-sections -fdata-sections -std=gnu99 -funsigned-char -funsigned-bitfields -mmcu=atmega32 -DF_CPU=16000000UL -MMD -MP -MF"push_button_module/pushButton.d" -MT"push_button_module/pushButton.o" -c -o "push_button_module/pushButton.o" "../push_button_module/pushButton.c"
Finished building: ../push_button_module/pushButton.c
 
Building file: ../gpio_module/gpio.c
Invoking: AVR Compiler
avr-gcc -Wall -g2 -gstabs -O0 -fpack-struct -fshort-enums -ffunction-sections -fdata-sections -std=gnu99 -funsigned-char -funsigned-bitfields -mmcu=atmega32 -DF_CPU=16000000UL -MMD -MP -MF"gpio_module/gpio.d" -MT"gpio_module/gpio.o" -c -o "gpio_module/gpio.o" "../gpio_module/gpio.c"
Finished building: ../gpio_module/gpio.c
 
Building file: ../application/app.c
Invoking: AVR Compiler
avr-gcc -Wall -g2 -gstabs -O0 -fpack-struct -fshort-enums -ffunction-sections -fdata-sections -std=gnu99 -funsigned-char -funsigned-bitfields -mmcu=atmega32 -DF_CPU=16000000UL -MMD -MP -MF"application/app.d" -MT"application/app.o" -c -o "application/app.o" "../application/app.c"
Finished building: ../application/app.c
 
Building file: ../main.c
Invoking: AVR Compiler
avr-gcc -Wall -g2 -gstabs -O0 -fpack-struct -fshort-enums -ffunction-sections -fdata-sections -std=gnu99 -funsigned-char -funsigned-bitfields -mmcu=atmega32 -DF_CPU=16000000UL -MMD -MP -MF"main.d" -MT"main.o" -c -o "main.o" "../main.c"
Finished building: ../main.c
 
Building target: traffic_light_control.elf
Invoking: AVR C Linker
avr-gcc -Wl,-Map,traffic_light_control.map -mmcu=atmega32 -o "traffic_light_control.elf"  ./timer1_module/timer1.o  ./push_button_module/pushButton.o  ./gpio_module/gpio.o  ./application/app.o  ./main.o   
Finished building target: traffic_light_control.elf
 
Invoking: AVR Create Extended Listing
avr-objdump -h -S traffic_light_control.elf  >"traffic_light_control.lss"
Finished building: traffic_light_control.lss
 
Invoking: Print Size
avr-size --format=avr --mcu=atmega32 traffic_light_control.elf
AVR Memory Usage
----------------
Device: atmega32

Program:    2492 bytes (7.6% Full)
(.text + .data + .bootloader)

Data:          4 bytes (0.2% Full)
(.data + .bss + .noinit)


Finished building: sizedummy
 
17:58:37 **** Incremental Build of configuration Debug for project traffic_light_control ****
make all 
Building file: ../application/app.c
Invoking: AVR Compiler
avr-gcc -Wall -g2 -gstabs -O0 -fpack-struct -fshort-enums -ffunction-sections -fdata-sections -std=gnu99 -funsigned-char -funsigned-bitfields -mmcu=atmega32 -DF_CPU=16000000UL -MMD -MP -MF"application/app.d" -MT"application/app.o" -c -o "application/app.o" "../application/app.c"
Finished building: ../application/app.c
 
Building target: traffic_light_control.elf
Invoking: AVR C Linker
avr-gcc -Wl,-Map,traffic_light_control.map -mmcu=atmega32 -o "traffic_light_control.elf"  ./timer1_module/timer1.o  ./push_button_module/pushButton.o  ./gpio_module/gpio.o  ./application/app.o  ./main.o   
Finished building target: traffic_light_control.elf
 
Invoking: AVR Create Extended Listing
avr-objdump -h -S traffic_light_control.elf  >"traffic_light_control.lss"
Finished building: traffic_light_control.lss
 
Invoking: Print Size
avr-size --format=avr --mcu=atmega32 traffic_light_control.elf
AVR Memory Usage
----------------
Device: atmega32

Program:    2506 bytes (7.6% Full)
(.text + .data + .bootloader)

Data:          4 bytes (0.2% Full)
(.data + .bss + .noinit)


Finished building: sizedummy
 
17:59:50 **** Incremental Build of configuration Debug for project traffic_light_control ****
make all 
Building file: ../application/app.c
Invoking: AVR Compiler
avr-gcc -Wall -g2 -gstabs -O0 -fpack-struct -fshort-enums -ffunction-sections -fdata-sections -std=gnu99 -funsigned-char -funsigned-bitfields -mmcu=atmega32 -DF_CPU=16000000UL -MMD -MP -MF"application/app.d" -MT"application/app.o" -c -o "application/app.o" "../application/app.c"
Finished building: ../application/app.c
 
Building file: ../main.c
Invoking: AVR Compiler
avr-gcc -Wall -g2 -gstabs -O0 -fpack-struct -fshort-enums -ffunction-sections -fdata-sections -std=gnu99 -funsigned-char -funsigned-bitfields -mmcu=atmega32 -DF_CPU=16000000UL -MMD -MP -MF"main.d" -MT"main.o" -c -o "main.o" "../main.c"
../main.c: In function 'main':
../main.c:3: warning: implicit declaration of function 'app'
Finished building: ../main.c
 
Building target: traffic_light_control.elf
Invoking: AVR C Linker
avr-gcc -Wl,-Map,traffic_light_control.map -mmcu=atmega32 -o "traffic_light_control.elf"  ./timer1_module/timer1.o  ./push_button_module/pushButton.o  ./gpio_module/gpio.o  ./application/app.o  ./main.o   
./main.o: In function `main':
../main.c:3: undefined reference to `app'
make: *** [traffic_light_control.elf] Error 1
"make all" terminated with exit code 2. Build might be incomplete.
18:00:05 **** Incremental Build of configuration Debug for project traffic_light_control ****
make all 
Building file: ../main.c
Invoking: AVR Compiler
avr-gcc -Wall -g2 -gstabs -O0 -fpack-struct -fshort-enums -ffunction-sections -fdata-sections -std=gnu99 -funsigned-char -funsigned-bitfields -mmcu=atmega32 -DF_CPU=16000000UL -MMD -MP -MF"main.d" -MT"main.o" -c -o "main.o" "../main.c"
Finished building: ../main.c
 
Building target: traffic_light_control.elf
Invoking: AVR C Linker
avr-gcc -Wl,-Map,traffic_light_control.map -mmcu=atmega32 -o "traffic_light_control.elf"  ./timer1_module/timer1.o  ./push_button_module/pushButton.o  ./gpio_module/gpio.o  ./application/app.o  ./main.o   
Finished building target: traffic_light_control.elf
 
Invoking: AVR Create Extended Listing
avr-objdump -h -S traffic_light_control.elf  >"traffic_light_control.lss"
Finished building: traffic_light_control.lss
 
Invoking: Print Size
avr-size --format=avr --mcu=atmega32 traffic_light_control.elf
AVR Memory Usage
----------------
Device: atmega32

Program:    2528 bytes (7.7% Full)
(.text + .data + .bootloader)

Data:          4 bytes (0.2% Full)
(.data + .bss + .noinit)


Finished building: sizedummy
 
20:34:32 **** Incremental Build of configuration Debug for project traffic_light_control ****
make all 
Invoking: Print Size
avr-size --format=avr --mcu=atmega32 traffic_light_control.elf
AVR Memory Usage
----------------
Device: atmega32

Program:    2528 bytes (7.7% Full)
(.text + .data + .bootloader)

Data:          4 bytes (0.2% Full)
(.data + .bss + .noinit)


Finished building: sizedummy
 
20:37:31 **** Incremental Build of configuration Debug for project traffic_light_control ****
make all 
Building file: ../application/app.c
Invoking: AVR Compiler
avr-gcc -Wall -g2 -gstabs -O0 -fpack-struct -fshort-enums -ffunction-sections -fdata-sections -std=gnu99 -funsigned-char -funsigned-bitfields -mmcu=atmega32 -DF_CPU=16000000UL -MMD -MP -MF"application/app.d" -MT"application/app.o" -c -o "application/app.o" "../application/app.c"
../application/app.c: In function 'initializeSystem':
../application/app.c:23: error: 'BUSHBUTTON_RI' undeclared (first use in this function)
../application/app.c:23: error: (Each undeclared identifier is reported only once
../application/app.c:23: error: for each function it appears in.)
../application/app.c:24: error: expected ';' before '}' token
make: *** [application/app.o] Error 1
"make all" terminated with exit code 2. Build might be incomplete.
20:37:54 **** Incremental Build of configuration Debug for project traffic_light_control ****
make all 
Building file: ../application/app.c
Invoking: AVR Compiler
avr-gcc -Wall -g2 -gstabs -O0 -fpack-struct -fshort-enums -ffunction-sections -fdata-sections -std=gnu99 -funsigned-char -funsigned-bitfields -mmcu=atmega32 -DF_CPU=16000000UL -MMD -MP -MF"application/app.d" -MT"application/app.o" -c -o "application/app.o" "../application/app.c"
../application/app.c: In function 'initializeSystem':
../application/app.c:23: error: 'PUSHBUTTON_RISINGI' undeclared (first use in this function)
../application/app.c:23: error: (Each undeclared identifier is reported only once
../application/app.c:23: error: for each function it appears in.)
make: *** [application/app.o] Error 1
"make all" terminated with exit code 2. Build might be incomplete.
20:43:17 **** Incremental Build of configuration Debug for project traffic_light_control ****
make all 
Building file: ../application/app.c
Invoking: AVR Compiler
avr-gcc -Wall -g2 -gstabs -O0 -fpack-struct -fshort-enums -ffunction-sections -fdata-sections -std=gnu99 -funsigned-char -funsigned-bitfields -mmcu=atmega32 -DF_CPU=16000000UL -MMD -MP -MF"application/app.d" -MT"application/app.o" -c -o "application/app.o" "../application/app.c"
../application/app.c: In function 'initializeSystem':
../application/app.c:23: error: 'PUSHBUTTON_RISINGI' undeclared (first use in this function)
../application/app.c:23: error: (Each undeclared identifier is reported only once
../application/app.c:23: error: for each function it appears in.)
make: *** [application/app.o] Error 1
"make all" terminated with exit code 2. Build might be incomplete.
20:43:39 **** Incremental Build of configuration Debug for project traffic_light_control ****
make all 
Building file: ../application/app.c
Invoking: AVR Compiler
avr-gcc -Wall -g2 -gstabs -O0 -fpack-struct -fshort-enums -ffunction-sections -fdata-sections -std=gnu99 -funsigned-char -funsigned-bitfields -mmcu=atmega32 -DF_CPU=16000000UL -MMD -MP -MF"application/app.d" -MT"application/app.o" -c -o "application/app.o" "../application/app.c"
Finished building: ../application/app.c
 
Building target: traffic_light_control.elf
Invoking: AVR C Linker
avr-gcc -Wl,-Map,traffic_light_control.map -mmcu=atmega32 -o "traffic_light_control.elf"  ./timer1_module/timer1.o  ./push_button_module/pushButton.o  ./gpio_module/gpio.o  ./application/app.o  ./main.o   
Finished building target: traffic_light_control.elf
 
Invoking: AVR Create Extended Listing
avr-objdump -h -S traffic_light_control.elf  >"traffic_light_control.lss"
Finished building: traffic_light_control.lss
 
Invoking: Print Size
avr-size --format=avr --mcu=atmega32 traffic_light_control.elf
AVR Memory Usage
----------------
Device: atmega32

Program:    2534 bytes (7.7% Full)
(.text + .data + .bootloader)

Data:          4 bytes (0.2% Full)
(.data + .bss + .noinit)


Finished building: sizedummy
 
21:32:21 **** Incremental Build of configuration Debug for project traffic_light_control ****
make all 
Building file: ../application/app.c
Invoking: AVR Compiler
avr-gcc -Wall -g2 -gstabs -O0 -fpack-struct -fshort-enums -ffunction-sections -fdata-sections -std=gnu99 -funsigned-char -funsigned-bitfields -mmcu=atmega32 -DF_CPU=16000000UL -MMD -MP -MF"application/app.d" -MT"application/app.o" -c -o "application/app.o" "../application/app.c"
../application/app.c: In function 'initializeSystem':
../application/app.c:47: error: 'a_ptr' undeclared (first use in this function)
../application/app.c:47: error: (Each undeclared identifier is reported only once
../application/app.c:47: error: for each function it appears in.)
make: *** [application/app.o] Error 1
"make all" terminated with exit code 2. Build might be incomplete.
21:32:40 **** Incremental Build of configuration Debug for project traffic_light_control ****
make all 
Building file: ../application/app.c
Invoking: AVR Compiler
avr-gcc -Wall -g2 -gstabs -O0 -fpack-struct -fshort-enums -ffunction-sections -fdata-sections -std=gnu99 -funsigned-char -funsigned-bitfields -mmcu=atmega32 -DF_CPU=16000000UL -MMD -MP -MF"application/app.d" -MT"application/app.o" -c -o "application/app.o" "../application/app.c"
../application/app.c: In function 'initializeSystem':
../application/app.c:48: error: 'a_ptr' undeclared (first use in this function)
../application/app.c:48: error: (Each undeclared identifier is reported only once
../application/app.c:48: error: for each function it appears in.)
make: *** [application/app.o] Error 1
"make all" terminated with exit code 2. Build might be incomplete.
21:33:18 **** Incremental Build of configuration Debug for project traffic_light_control ****
make all 
Building file: ../application/app.c
Invoking: AVR Compiler
avr-gcc -Wall -g2 -gstabs -O0 -fpack-struct -fshort-enums -ffunction-sections -fdata-sections -std=gnu99 -funsigned-char -funsigned-bitfields -mmcu=atmega32 -DF_CPU=16000000UL -MMD -MP -MF"application/app.d" -MT"application/app.o" -c -o "application/app.o" "../application/app.c"
Finished building: ../application/app.c
 
Building target: traffic_light_control.elf
Invoking: AVR C Linker
avr-gcc -Wl,-Map,traffic_light_control.map -mmcu=atmega32 -o "traffic_light_control.elf"  ./timer1_module/timer1.o  ./push_button_module/pushButton.o  ./gpio_module/gpio.o  ./application/app.o  ./main.o   
Finished building target: traffic_light_control.elf
 
Invoking: AVR Create Extended Listing
avr-objdump -h -S traffic_light_control.elf  >"traffic_light_control.lss"
Finished building: traffic_light_control.lss
 
Invoking: Print Size
avr-size --format=avr --mcu=atmega32 traffic_light_control.elf
AVR Memory Usage
----------------
Device: atmega32

Program:    2744 bytes (8.4% Full)
(.text + .data + .bootloader)

Data:          4 bytes (0.2% Full)
(.data + .bss + .noinit)


Finished building: sizedummy
 
10:30:42 **** Incremental Build of configuration Debug for project traffic_light_control ****
make all 
Building file: ../application/app.c
Invoking: AVR Compiler
avr-gcc -Wall -g2 -gstabs -O0 -fpack-struct -fshort-enums -ffunction-sections -fdata-sections -std=gnu99 -funsigned-char -funsigned-bitfields -mmcu=atmega32 -DF_CPU=16000000UL -MMD -MP -MF"application/app.d" -MT"application/app.o" -c -o "application/app.o" "../application/app.c"
Finished building: ../application/app.c
 
Building target: traffic_light_control.elf
Invoking: AVR C Linker
avr-gcc -Wl,-Map,traffic_light_control.map -mmcu=atmega32 -o "traffic_light_control.elf"  ./timer1_module/timer1.o  ./push_button_module/pushButton.o  ./gpio_module/gpio.o  ./application/app.o  ./main.o   
Finished building target: traffic_light_control.elf
 
Invoking: AVR Create Extended Listing
avr-objdump -h -S traffic_light_control.elf  >"traffic_light_control.lss"
Finished building: traffic_light_control.lss
 
Invoking: Print Size
avr-size --format=avr --mcu=atmega32 traffic_light_control.elf
AVR Memory Usage
----------------
Device: atmega32

Program:    2916 bytes (8.9% Full)
(.text + .data + .bootloader)

Data:          7 bytes (0.3% Full)
(.data + .bss + .noinit)


Finished building: sizedummy
 
10:39:36 **** Incremental Build of configuration Debug for project traffic_light_control ****
make all 
Building file: ../push_button_module/pushButton.c
Invoking: AVR Compiler
avr-gcc -Wall -g2 -gstabs -O0 -fpack-struct -fshort-enums -ffunction-sections -fdata-sections -std=gnu99 -funsigned-char -funsigned-bitfields -mmcu=atmega32 -DF_CPU=16000000UL -MMD -MP -MF"push_button_module/pushButton.d" -MT"push_button_module/pushButton.o" -c -o "push_button_module/pushButton.o" "../push_button_module/pushButton.c"
Finished building: ../push_button_module/pushButton.c
 
Building file: ../application/app.c
Invoking: AVR Compiler
avr-gcc -Wall -g2 -gstabs -O0 -fpack-struct -fshort-enums -ffunction-sections -fdata-sections -std=gnu99 -funsigned-char -funsigned-bitfields -mmcu=atmega32 -DF_CPU=16000000UL -MMD -MP -MF"application/app.d" -MT"application/app.o" -c -o "application/app.o" "../application/app.c"
Finished building: ../application/app.c
 
Building target: traffic_light_control.elf
Invoking: AVR C Linker
avr-gcc -Wl,-Map,traffic_light_control.map -mmcu=atmega32 -o "traffic_light_control.elf"  ./timer1_module/timer1.o  ./push_button_module/pushButton.o  ./gpio_module/gpio.o  ./application/app.o  ./main.o   
Finished building target: traffic_light_control.elf
 
Invoking: AVR Create Extended Listing
avr-objdump -h -S traffic_light_control.elf  >"traffic_light_control.lss"
Finished building: traffic_light_control.lss
 
Invoking: Print Size
avr-size --format=avr --mcu=atmega32 traffic_light_control.elf
AVR Memory Usage
----------------
Device: atmega32

Program:    3100 bytes (9.5% Full)
(.text + .data + .bootloader)

Data:          7 bytes (0.3% Full)
(.data + .bss + .noinit)


Finished building: sizedummy
 
10:39:51 **** Incremental Build of configuration Debug for project traffic_light_control ****
make all 
Building file: ../application/app.c
Invoking: AVR Compiler
avr-gcc -Wall -g2 -gstabs -O0 -fpack-struct -fshort-enums -ffunction-sections -fdata-sections -std=gnu99 -funsigned-char -funsigned-bitfields -mmcu=atmega32 -DF_CPU=16000000UL -MMD -MP -MF"application/app.d" -MT"application/app.o" -c -o "application/app.o" "../application/app.c"
Finished building: ../application/app.c
 
Building target: traffic_light_control.elf
Invoking: AVR C Linker
avr-gcc -Wl,-Map,traffic_light_control.map -mmcu=atmega32 -o "traffic_light_control.elf"  ./timer1_module/timer1.o  ./push_button_module/pushButton.o  ./gpio_module/gpio.o  ./application/app.o  ./main.o   
Finished building target: traffic_light_control.elf
 
Invoking: AVR Create Extended Listing
avr-objdump -h -S traffic_light_control.elf  >"traffic_light_control.lss"
Finished building: traffic_light_control.lss
 
Invoking: Print Size
avr-size --format=avr --mcu=atmega32 traffic_light_control.elf
AVR Memory Usage
----------------
Device: atmega32

Program:    3104 bytes (9.5% Full)
(.text + .data + .bootloader)

Data:          7 bytes (0.3% Full)
(.data + .bss + .noinit)


Finished building: sizedummy
 
10:50:07 **** Incremental Build of configuration Debug for project traffic_light_control ****
make all 
Building target: traffic_light_control.elf
Invoking: AVR C Linker
avr-gcc -Wl,-Map,traffic_light_control.map -mmcu=atmega32 -o "traffic_light_control.elf"  ./timer1_module/timer1.o  ./push_button_module/pushButton.o  ./gpio_module/gpio.o  ./application/app.o  ./main.o   
Finished building target: traffic_light_control.elf
 
Invoking: AVR Create Extended Listing
avr-objdump -h -S traffic_light_control.elf  >"traffic_light_control.lss"
Finished building: traffic_light_control.lss
 
Create Flash image (ihex format)
avr-objcopy -R .eeprom -R .fuse -R .lock -R .signature -O ihex traffic_light_control.elf  "traffic_light_control.hex"
Finished building: traffic_light_control.hex
 
Invoking: Print Size
avr-size --format=avr --mcu=atmega32 traffic_light_control.elf
AVR Memory Usage
----------------
Device: atmega32

Program:    3104 bytes (9.5% Full)
(.text + .data + .bootloader)

Data:          7 bytes (0.3% Full)
(.data + .bss + .noinit)


Finished building: sizedummy
 
10:54:15 **** Incremental Build of configuration Debug for project traffic_light_control ****
make all 
Building file: ../application/app.c
Invoking: AVR Compiler
avr-gcc -Wall -g2 -gstabs -O0 -fpack-struct -fshort-enums -ffunction-sections -fdata-sections -std=gnu99 -funsigned-char -funsigned-bitfields -mmcu=atmega32 -DF_CPU=16000000UL -MMD -MP -MF"application/app.d" -MT"application/app.o" -c -o "application/app.o" "../application/app.c"
Finished building: ../application/app.c
 
Building target: traffic_light_control.elf
Invoking: AVR C Linker
avr-gcc -Wl,-Map,traffic_light_control.map -mmcu=atmega32 -o "traffic_light_control.elf"  ./timer1_module/timer1.o  ./push_button_module/pushButton.o  ./gpio_module/gpio.o  ./application/app.o  ./main.o   
Finished building target: traffic_light_control.elf
 
Invoking: AVR Create Extended Listing
avr-objdump -h -S traffic_light_control.elf  >"traffic_light_control.lss"
Finished building: traffic_light_control.lss
 
Create Flash image (ihex format)
avr-objcopy -R .eeprom -R .fuse -R .lock -R .signature -O ihex traffic_light_control.elf  "traffic_light_control.hex"
Finished building: traffic_light_control.hex
 
Invoking: Print Size
avr-size --format=avr --mcu=atmega32 traffic_light_control.elf
AVR Memory Usage
----------------
Device: atmega32

Program:    3104 bytes (9.5% Full)
(.text + .data + .bootloader)

Data:          7 bytes (0.3% Full)
(.data + .bss + .noinit)


Finished building: sizedummy
 
10:57:43 **** Incremental Build of configuration Debug for project traffic_light_control ****
make all 
Building file: ../application/app.c
Invoking: AVR Compiler
avr-gcc -Wall -g2 -gstabs -O0 -fpack-struct -fshort-enums -ffunction-sections -fdata-sections -std=gnu99 -funsigned-char -funsigned-bitfields -mmcu=atmega32 -DF_CPU=16000000UL -MMD -MP -MF"application/app.d" -MT"application/app.o" -c -o "application/app.o" "../application/app.c"
Finished building: ../application/app.c
 
Building target: traffic_light_control.elf
Invoking: AVR C Linker
avr-gcc -Wl,-Map,traffic_light_control.map -mmcu=atmega32 -o "traffic_light_control.elf"  ./timer1_module/timer1.o  ./push_button_module/pushButton.o  ./gpio_module/gpio.o  ./application/app.o  ./main.o   
Finished building target: traffic_light_control.elf
 
Invoking: AVR Create Extended Listing
avr-objdump -h -S traffic_light_control.elf  >"traffic_light_control.lss"
Finished building: traffic_light_control.lss
 
Create Flash image (ihex format)
avr-objcopy -R .eeprom -R .fuse -R .lock -R .signature -O ihex traffic_light_control.elf  "traffic_light_control.hex"
Finished building: traffic_light_control.hex
 
Invoking: Print Size
avr-size --format=avr --mcu=atmega32 traffic_light_control.elf
AVR Memory Usage
----------------
Device: atmega32

Program:    3164 bytes (9.7% Full)
(.text + .data + .bootloader)

Data:          7 bytes (0.3% Full)
(.data + .bss + .noinit)


Finished building: sizedummy
 
11:06:38 **** Incremental Build of configuration Debug for project traffic_light_control ****
make all 
Building file: ../application/app.c
Invoking: AVR Compiler
avr-gcc -Wall -g2 -gstabs -O0 -fpack-struct -fshort-enums -ffunction-sections -fdata-sections -std=gnu99 -funsigned-char -funsigned-bitfields -mmcu=atmega32 -DF_CPU=16000000UL -MMD -MP -MF"application/app.d" -MT"application/app.o" -c -o "application/app.o" "../application/app.c"
Finished building: ../application/app.c
 
Building target: traffic_light_control.elf
Invoking: AVR C Linker
avr-gcc -Wl,-Map,traffic_light_control.map -mmcu=atmega32 -o "traffic_light_control.elf"  ./timer1_module/timer1.o  ./push_button_module/pushButton.o  ./gpio_module/gpio.o  ./application/app.o  ./main.o   
Finished building target: traffic_light_control.elf
 
Invoking: AVR Create Extended Listing
avr-objdump -h -S traffic_light_control.elf  >"traffic_light_control.lss"
Finished building: traffic_light_control.lss
 
Create Flash image (ihex format)
avr-objcopy -R .eeprom -R .fuse -R .lock -R .signature -O ihex traffic_light_control.elf  "traffic_light_control.hex"
Finished building: traffic_light_control.hex
 
Invoking: Print Size
avr-size --format=avr --mcu=atmega32 traffic_light_control.elf
AVR Memory Usage
----------------
Device: atmega32

Program:    3324 bytes (10.1% Full)
(.text + .data + .bootloader)

Data:          7 bytes (0.3% Full)
(.data + .bss + .noinit)


Finished building: sizedummy
 
11:07:03 **** Incremental Build of configuration Debug for project traffic_light_control ****
make all 
Invoking: Print Size
avr-size --format=avr --mcu=atmega32 traffic_light_control.elf
AVR Memory Usage
----------------
Device: atmega32

Program:    3324 bytes (10.1% Full)
(.text + .data + .bootloader)

Data:          7 bytes (0.3% Full)
(.data + .bss + .noinit)


Finished building: sizedummy
 
11:07:38 **** Incremental Build of configuration Debug for project traffic_light_control ****
make all 
Building file: ../application/app.c
Invoking: AVR Compiler
avr-gcc -Wall -g2 -gstabs -O0 -fpack-struct -fshort-enums -ffunction-sections -fdata-sections -std=gnu99 -funsigned-char -funsigned-bitfields -mmcu=atmega32 -DF_CPU=16000000UL -MMD -MP -MF"application/app.d" -MT"application/app.o" -c -o "application/app.o" "../application/app.c"
Finished building: ../application/app.c
 
Building target: traffic_light_control.elf
Invoking: AVR C Linker
avr-gcc -Wl,-Map,traffic_light_control.map -mmcu=atmega32 -o "traffic_light_control.elf"  ./timer1_module/timer1.o  ./push_button_module/pushButton.o  ./gpio_module/gpio.o  ./application/app.o  ./main.o   
Finished building target: traffic_light_control.elf
 
Invoking: AVR Create Extended Listing
avr-objdump -h -S traffic_light_control.elf  >"traffic_light_control.lss"
Finished building: traffic_light_control.lss
 
Create Flash image (ihex format)
avr-objcopy -R .eeprom -R .fuse -R .lock -R .signature -O ihex traffic_light_control.elf  "traffic_light_control.hex"
Finished building: traffic_light_control.hex
 
Invoking: Print Size
avr-size --format=avr --mcu=atmega32 traffic_light_control.elf
AVR Memory Usage
----------------
Device: atmega32

Program:    3328 bytes (10.2% Full)
(.text + .data + .bootloader)

Data:          7 bytes (0.3% Full)
(.data + .bss + .noinit)


Finished building: sizedummy
 
11:10:37 **** Incremental Build of configuration Debug for project traffic_light_control ****
make all 
Building file: ../application/app.c
Invoking: AVR Compiler
avr-gcc -Wall -g2 -gstabs -O0 -fpack-struct -fshort-enums -ffunction-sections -fdata-sections -std=gnu99 -funsigned-char -funsigned-bitfields -mmcu=atmega32 -DF_CPU=16000000UL -MMD -MP -MF"application/app.d" -MT"application/app.o" -c -o "application/app.o" "../application/app.c"
Finished building: ../application/app.c
 
Building target: traffic_light_control.elf
Invoking: AVR C Linker
avr-gcc -Wl,-Map,traffic_light_control.map -mmcu=atmega32 -o "traffic_light_control.elf"  ./timer1_module/timer1.o  ./push_button_module/pushButton.o  ./gpio_module/gpio.o  ./application/app.o  ./main.o   
Finished building target: traffic_light_control.elf
 
Invoking: AVR Create Extended Listing
avr-objdump -h -S traffic_light_control.elf  >"traffic_light_control.lss"
Finished building: traffic_light_control.lss
 
Create Flash image (ihex format)
avr-objcopy -R .eeprom -R .fuse -R .lock -R .signature -O ihex traffic_light_control.elf  "traffic_light_control.hex"
Finished building: traffic_light_control.hex
 
Invoking: Print Size
avr-size --format=avr --mcu=atmega32 traffic_light_control.elf
AVR Memory Usage
----------------
Device: atmega32

Program:    3332 bytes (10.2% Full)
(.text + .data + .bootloader)

Data:          7 bytes (0.3% Full)
(.data + .bss + .noinit)


Finished building: sizedummy
 
11:13:15 **** Incremental Build of configuration Debug for project traffic_light_control ****
make all 
Building file: ../application/app.c
Invoking: AVR Compiler
avr-gcc -Wall -g2 -gstabs -O0 -fpack-struct -fshort-enums -ffunction-sections -fdata-sections -std=gnu99 -funsigned-char -funsigned-bitfields -mmcu=atmega32 -DF_CPU=16000000UL -MMD -MP -MF"application/app.d" -MT"application/app.o" -c -o "application/app.o" "../application/app.c"
Finished building: ../application/app.c
 
Building target: traffic_light_control.elf
Invoking: AVR C Linker
avr-gcc -Wl,-Map,traffic_light_control.map -mmcu=atmega32 -o "traffic_light_control.elf"  ./timer1_module/timer1.o  ./push_button_module/pushButton.o  ./gpio_module/gpio.o  ./application/app.o  ./main.o   
Finished building target: traffic_light_control.elf
 
Invoking: AVR Create Extended Listing
avr-objdump -h -S traffic_light_control.elf  >"traffic_light_control.lss"
Finished building: traffic_light_control.lss
 
Create Flash image (ihex format)
avr-objcopy -R .eeprom -R .fuse -R .lock -R .signature -O ihex traffic_light_control.elf  "traffic_light_control.hex"
Finished building: traffic_light_control.hex
 
Invoking: Print Size
avr-size --format=avr --mcu=atmega32 traffic_light_control.elf
AVR Memory Usage
----------------
Device: atmega32

Program:    3332 bytes (10.2% Full)
(.text + .data + .bootloader)

Data:          7 bytes (0.3% Full)
(.data + .bss + .noinit)


Finished building: sizedummy
 
11:14:14 **** Incremental Build of configuration Debug for project traffic_light_control ****
make all 
Building file: ../application/app.c
Invoking: AVR Compiler
avr-gcc -Wall -g2 -gstabs -O0 -fpack-struct -fshort-enums -ffunction-sections -fdata-sections -std=gnu99 -funsigned-char -funsigned-bitfields -mmcu=atmega32 -DF_CPU=16000000UL -MMD -MP -MF"application/app.d" -MT"application/app.o" -c -o "application/app.o" "../application/app.c"
Finished building: ../application/app.c
 
Building target: traffic_light_control.elf
Invoking: AVR C Linker
avr-gcc -Wl,-Map,traffic_light_control.map -mmcu=atmega32 -o "traffic_light_control.elf"  ./timer1_module/timer1.o  ./push_button_module/pushButton.o  ./gpio_module/gpio.o  ./application/app.o  ./main.o   
Finished building target: traffic_light_control.elf
 
Invoking: AVR Create Extended Listing
avr-objdump -h -S traffic_light_control.elf  >"traffic_light_control.lss"
Finished building: traffic_light_control.lss
 
Create Flash image (ihex format)
avr-objcopy -R .eeprom -R .fuse -R .lock -R .signature -O ihex traffic_light_control.elf  "traffic_light_control.hex"
Finished building: traffic_light_control.hex
 
Invoking: Print Size
avr-size --format=avr --mcu=atmega32 traffic_light_control.elf
AVR Memory Usage
----------------
Device: atmega32

Program:    3332 bytes (10.2% Full)
(.text + .data + .bootloader)

Data:          7 bytes (0.3% Full)
(.data + .bss + .noinit)


Finished building: sizedummy
 
11:14:38 **** Incremental Build of configuration Debug for project traffic_light_control ****
make all 
Building file: ../application/app.c
Invoking: AVR Compiler
avr-gcc -Wall -g2 -gstabs -O0 -fpack-struct -fshort-enums -ffunction-sections -fdata-sections -std=gnu99 -funsigned-char -funsigned-bitfields -mmcu=atmega32 -DF_CPU=16000000UL -MMD -MP -MF"application/app.d" -MT"application/app.o" -c -o "application/app.o" "../application/app.c"
Finished building: ../application/app.c
 
Building target: traffic_light_control.elf
Invoking: AVR C Linker
avr-gcc -Wl,-Map,traffic_light_control.map -mmcu=atmega32 -o "traffic_light_control.elf"  ./timer1_module/timer1.o  ./push_button_module/pushButton.o  ./gpio_module/gpio.o  ./application/app.o  ./main.o   
Finished building target: traffic_light_control.elf
 
Invoking: AVR Create Extended Listing
avr-objdump -h -S traffic_light_control.elf  >"traffic_light_control.lss"
Finished building: traffic_light_control.lss
 
Create Flash image (ihex format)
avr-objcopy -R .eeprom -R .fuse -R .lock -R .signature -O ihex traffic_light_control.elf  "traffic_light_control.hex"
Finished building: traffic_light_control.hex
 
Invoking: Print Size
avr-size --format=avr --mcu=atmega32 traffic_light_control.elf
AVR Memory Usage
----------------
Device: atmega32

Program:    3332 bytes (10.2% Full)
(.text + .data + .bootloader)

Data:          7 bytes (0.3% Full)
(.data + .bss + .noinit)


Finished building: sizedummy
 
11:15:01 **** Incremental Build of configuration Debug for project traffic_light_control ****
make all 
Building file: ../application/app.c
Invoking: AVR Compiler
avr-gcc -Wall -g2 -gstabs -O0 -fpack-struct -fshort-enums -ffunction-sections -fdata-sections -std=gnu99 -funsigned-char -funsigned-bitfields -mmcu=atmega32 -DF_CPU=16000000UL -MMD -MP -MF"application/app.d" -MT"application/app.o" -c -o "application/app.o" "../application/app.c"
Finished building: ../application/app.c
 
Building target: traffic_light_control.elf
Invoking: AVR C Linker
avr-gcc -Wl,-Map,traffic_light_control.map -mmcu=atmega32 -o "traffic_light_control.elf"  ./timer1_module/timer1.o  ./push_button_module/pushButton.o  ./gpio_module/gpio.o  ./application/app.o  ./main.o   
Finished building target: traffic_light_control.elf
 
Invoking: AVR Create Extended Listing
avr-objdump -h -S traffic_light_control.elf  >"traffic_light_control.lss"
Finished building: traffic_light_control.lss
 
Create Flash image (ihex format)
avr-objcopy -R .eeprom -R .fuse -R .lock -R .signature -O ihex traffic_light_control.elf  "traffic_light_control.hex"
Finished building: traffic_light_control.hex
 
Invoking: Print Size
avr-size --format=avr --mcu=atmega32 traffic_light_control.elf
AVR Memory Usage
----------------
Device: atmega32

Program:    3336 bytes (10.2% Full)
(.text + .data + .bootloader)

Data:          7 bytes (0.3% Full)
(.data + .bss + .noinit)


Finished building: sizedummy
 
11:15:12 **** Incremental Build of configuration Debug for project traffic_light_control ****
make all 
Building file: ../application/app.c
Invoking: AVR Compiler
avr-gcc -Wall -g2 -gstabs -O0 -fpack-struct -fshort-enums -ffunction-sections -fdata-sections -std=gnu99 -funsigned-char -funsigned-bitfields -mmcu=atmega32 -DF_CPU=16000000UL -MMD -MP -MF"application/app.d" -MT"application/app.o" -c -o "application/app.o" "../application/app.c"
../application/app.c: In function 'carsWillStop':
../application/app.c:100: error: expected ')' before ';' token
../application/app.c:114: error: expected ';' before '}' token
make: *** [application/app.o] Error 1
"make all" terminated with exit code 2. Build might be incomplete.
11:15:15 **** Incremental Build of configuration Debug for project traffic_light_control ****
make all 
Building file: ../application/app.c
Invoking: AVR Compiler
avr-gcc -Wall -g2 -gstabs -O0 -fpack-struct -fshort-enums -ffunction-sections -fdata-sections -std=gnu99 -funsigned-char -funsigned-bitfields -mmcu=atmega32 -DF_CPU=16000000UL -MMD -MP -MF"application/app.d" -MT"application/app.o" -c -o "application/app.o" "../application/app.c"
../application/app.c: In function 'carsWillStop':
../application/app.c:100: error: expected ')' before ';' token
../application/app.c:114: error: expected ';' before '}' token
make: *** [application/app.o] Error 1
"make all" terminated with exit code 2. Build might be incomplete.
11:15:24 **** Incremental Build of configuration Debug for project traffic_light_control ****
make all 
Building file: ../application/app.c
Invoking: AVR Compiler
avr-gcc -Wall -g2 -gstabs -O0 -fpack-struct -fshort-enums -ffunction-sections -fdata-sections -std=gnu99 -funsigned-char -funsigned-bitfields -mmcu=atmega32 -DF_CPU=16000000UL -MMD -MP -MF"application/app.d" -MT"application/app.o" -c -o "application/app.o" "../application/app.c"
Finished building: ../application/app.c
 
Building target: traffic_light_control.elf
Invoking: AVR C Linker
avr-gcc -Wl,-Map,traffic_light_control.map -mmcu=atmega32 -o "traffic_light_control.elf"  ./timer1_module/timer1.o  ./push_button_module/pushButton.o  ./gpio_module/gpio.o  ./application/app.o  ./main.o   
Finished building target: traffic_light_control.elf
 
Invoking: AVR Create Extended Listing
avr-objdump -h -S traffic_light_control.elf  >"traffic_light_control.lss"
Finished building: traffic_light_control.lss
 
Create Flash image (ihex format)
avr-objcopy -R .eeprom -R .fuse -R .lock -R .signature -O ihex traffic_light_control.elf  "traffic_light_control.hex"
Finished building: traffic_light_control.hex
 
Invoking: Print Size
avr-size --format=avr --mcu=atmega32 traffic_light_control.elf
AVR Memory Usage
----------------
Device: atmega32

Program:    3336 bytes (10.2% Full)
(.text + .data + .bootloader)

Data:          7 bytes (0.3% Full)
(.data + .bss + .noinit)


Finished building: sizedummy
 
11:16:51 **** Incremental Build of configuration Debug for project traffic_light_control ****
make all 
Building file: ../application/app.c
Invoking: AVR Compiler
avr-gcc -Wall -g2 -gstabs -O0 -fpack-struct -fshort-enums -ffunction-sections -fdata-sections -std=gnu99 -funsigned-char -funsigned-bitfields -mmcu=atmega32 -DF_CPU=16000000UL -MMD -MP -MF"application/app.d" -MT"application/app.o" -c -o "application/app.o" "../application/app.c"
Finished building: ../application/app.c
 
Building target: traffic_light_control.elf
Invoking: AVR C Linker
avr-gcc -Wl,-Map,traffic_light_control.map -mmcu=atmega32 -o "traffic_light_control.elf"  ./timer1_module/timer1.o  ./push_button_module/pushButton.o  ./gpio_module/gpio.o  ./application/app.o  ./main.o   
Finished building target: traffic_light_control.elf
 
Invoking: AVR Create Extended Listing
avr-objdump -h -S traffic_light_control.elf  >"traffic_light_control.lss"
Finished building: traffic_light_control.lss
 
Create Flash image (ihex format)
avr-objcopy -R .eeprom -R .fuse -R .lock -R .signature -O ihex traffic_light_control.elf  "traffic_light_control.hex"
Finished building: traffic_light_control.hex
 
Invoking: Print Size
avr-size --format=avr --mcu=atmega32 traffic_light_control.elf
AVR Memory Usage
----------------
Device: atmega32

Program:    3336 bytes (10.2% Full)
(.text + .data + .bootloader)

Data:          7 bytes (0.3% Full)
(.data + .bss + .noinit)


Finished building: sizedummy
 
